<?xml version="1.0" encoding="UTF-8"?>
<testsuite xmlns:xsi="http://www.w3.org/2001/XMLSchema-instance" xsi:noNamespaceSchemaLocation="https://maven.apache.org/surefire/maven-surefire-plugin/xsd/surefire-test-report.xsd" name="com.brainacad.RestTest" time="0.972" tests="6" errors="0" skipped="0" failures="0">
  <properties>
[...]
</properties>
  <testcase name="checkPostResponseStatusCodeCreate" classname="com.brainacad.RestTest" time="0.226"/>
  <testcase name="checkGetResponseStatusCodeListUsers" classname="com.brainacad.RestTest" time="0.067"/>
  <testcase name="checkGetResponseStatusCodeSingleUserNotFound" classname="com.brainacad.RestTest" time="0.175"/>
  <testcase name="checkPutResponseBodyUpdate" classname="com.brainacad.RestTest" time="0.225"/>
  <testcase name="checkGetResponseBodyNotNullListUsers" classname="com.brainacad.RestTest" time="0.14"/>
  <testcase name="checkPostResponseBodyNotNullCreate" classname="com.brainacad.RestTest" time="0.123"/>
</testsuite>